<?xml version="1.0" encoding="UTF-8"?>
<!-- Generated by org.testng.reporters.JUnitXMLReporter -->
<testsuite hostname="SSC1-W217" name="case1" tests="4" failures="0" timestamp="19 Jun 2014 05:22:04 GMT" time="0.023" errors="0">
  <testcase name="runTest1" time="0.0040" classname="tutorial2.annotations.TestConfiguration"/>
  <testcase name="runTest2" time="0.0" classname="tutorial2.annotations.TestConfiguration"/>
  <testcase name="runOtherTest1" time="0.0" classname="tutorial2.annotations.TestDBConnection"/>
  <testcase name="runOtherTest2" time="0.0" classname="tutorial2.annotations.TestDBConnection"/>
</testsuite> <!-- case1 -->
