<?xml version="1.0" encoding="UTF-8"?>
<testng-results skipped="0" failed="0" total="6" passed="6">
  <reporter-output>
  </reporter-output>
  <suite name="TestAll" duration-ms="49" started-at="2014-06-19T05:22:04Z" finished-at="2014-06-19T05:22:04Z">
    <groups>
      <group name="shopping">
        <method signature="TestConfiguration.runTest1()[pri:0, instance:tutorial2.annotations.TestConfiguration@6d084b]" name="runTest1" class="tutorial2.annotations.TestConfiguration"/>
      </group> <!-- shopping -->
    </groups>
    <test name="case1" duration-ms="23" started-at="2014-06-19T05:22:04Z" finished-at="2014-06-19T05:22:04Z">
      <class name="tutorial2.annotations.TestConfiguration">
        <test-method status="PASS" signature="beforeClass()[pri:0, instance:tutorial2.annotations.TestConfiguration@6d084b]" name="beforeClass" is-config="true" duration-ms="0" started-at="2014-06-19T13:22:04Z" finished-at="2014-06-19T13:22:04Z">
          <reporter-output>
          </reporter-output>
        </test-method> <!-- beforeClass -->
        <test-method status="PASS" signature="beforeGroups()[pri:0, instance:tutorial2.annotations.TestConfiguration@6d084b]" name="beforeGroups" is-config="true" duration-ms="1" started-at="2014-06-19T13:22:04Z" finished-at="2014-06-19T13:22:04Z">
          <reporter-output>
          </reporter-output>
        </test-method> <!-- beforeGroups -->
        <test-method status="PASS" signature="runTest1()[pri:0, instance:tutorial2.annotations.TestConfiguration@6d084b]" name="runTest1" duration-ms="4" started-at="2014-06-19T13:22:04Z" finished-at="2014-06-19T13:22:04Z">
          <reporter-output>
          </reporter-output>
        </test-method> <!-- runTest1 -->
        <test-method status="PASS" signature="beforeMethod()[pri:0, instance:tutorial2.annotations.TestConfiguration@6d084b]" name="beforeMethod" is-config="true" duration-ms="0" started-at="2014-06-19T13:22:04Z" finished-at="2014-06-19T13:22:04Z">
          <reporter-output>
          </reporter-output>
        </test-method> <!-- beforeMethod -->
        <test-method status="PASS" signature="afterGroups()[pri:0, instance:tutorial2.annotations.TestConfiguration@6d084b]" name="afterGroups" is-config="true" duration-ms="0" started-at="2014-06-19T13:22:04Z" finished-at="2014-06-19T13:22:04Z">
          <reporter-output>
          </reporter-output>
        </test-method> <!-- afterGroups -->
        <test-method status="PASS" signature="afterMethod()[pri:0, instance:tutorial2.annotations.TestConfiguration@6d084b]" name="afterMethod" is-config="true" duration-ms="0" started-at="2014-06-19T13:22:04Z" finished-at="2014-06-19T13:22:04Z">
          <reporter-output>
          </reporter-output>
        </test-method> <!-- afterMethod -->
        <test-method status="PASS" signature="beforeMethod()[pri:0, instance:tutorial2.annotations.TestConfiguration@6d084b]" name="beforeMethod" is-config="true" duration-ms="0" started-at="2014-06-19T13:22:04Z" finished-at="2014-06-19T13:22:04Z">
          <reporter-output>
          </reporter-output>
        </test-method> <!-- beforeMethod -->
        <test-method status="PASS" signature="runTest2()[pri:0, instance:tutorial2.annotations.TestConfiguration@6d084b]" name="runTest2" duration-ms="0" started-at="2014-06-19T13:22:04Z" finished-at="2014-06-19T13:22:04Z">
          <reporter-output>
          </reporter-output>
        </test-method> <!-- runTest2 -->
        <test-method status="PASS" signature="afterClass()[pri:0, instance:tutorial2.annotations.TestConfiguration@6d084b]" name="afterClass" is-config="true" duration-ms="0" started-at="2014-06-19T13:22:04Z" finished-at="2014-06-19T13:22:04Z">
          <reporter-output>
          </reporter-output>
        </test-method> <!-- afterClass -->
        <test-method status="PASS" signature="afterMethod()[pri:0, instance:tutorial2.annotations.TestConfiguration@6d084b]" name="afterMethod" is-config="true" duration-ms="0" started-at="2014-06-19T13:22:04Z" finished-at="2014-06-19T13:22:04Z">
          <reporter-output>
          </reporter-output>
        </test-method> <!-- afterMethod -->
      </class> <!-- tutorial2.annotations.TestConfiguration -->
      <class name="tutorial2.annotations.DBConfig">
        <test-method status="PASS" signature="beforeTest()[pri:0, instance:tutorial2.annotations.DBConfig@1c6f579]" name="beforeTest" is-config="true" duration-ms="0" started-at="2014-06-19T13:22:04Z" finished-at="2014-06-19T13:22:04Z">
          <reporter-output>
          </reporter-output>
        </test-method> <!-- beforeTest -->
        <test-method status="PASS" signature="afterTest()[pri:0, instance:tutorial2.annotations.DBConfig@1c6f579]" name="afterTest" is-config="true" duration-ms="0" started-at="2014-06-19T13:22:04Z" finished-at="2014-06-19T13:22:04Z">
          <reporter-output>
          </reporter-output>
        </test-method> <!-- afterTest -->
      </class> <!-- tutorial2.annotations.DBConfig -->
      <class name="tutorial2.annotations.TestDBConnection">
        <test-method status="PASS" signature="runOtherTest1()[pri:0, instance:tutorial2.annotations.TestDBConnection@b988a6]" name="runOtherTest1" duration-ms="0" started-at="2014-06-19T13:22:04Z" finished-at="2014-06-19T13:22:04Z">
          <reporter-output>
          </reporter-output>
        </test-method> <!-- runOtherTest1 -->
        <test-method status="PASS" signature="runOtherTest2()[pri:0, instance:tutorial2.annotations.TestDBConnection@b988a6]" name="runOtherTest2" duration-ms="0" started-at="2014-06-19T13:22:04Z" finished-at="2014-06-19T13:22:04Z">
          <reporter-output>
          </reporter-output>
        </test-method> <!-- runOtherTest2 -->
      </class> <!-- tutorial2.annotations.TestDBConnection -->
    </test> <!-- case1 -->
    <test name="case2" duration-ms="2" started-at="2014-06-19T05:22:04Z" finished-at="2014-06-19T05:22:04Z">
      <class name="tutorial2.annotations.DBConfig">
        <test-method status="PASS" signature="beforeSuite()[pri:0, instance:tutorial2.annotations.DBConfig@77158a]" name="beforeSuite" is-config="true" duration-ms="8" started-at="2014-06-19T13:22:04Z" finished-at="2014-06-19T13:22:04Z">
          <reporter-output>
          </reporter-output>
        </test-method> <!-- beforeSuite -->
        <test-method status="PASS" signature="beforeTest()[pri:0, instance:tutorial2.annotations.DBConfig@77158a]" name="beforeTest" is-config="true" duration-ms="0" started-at="2014-06-19T13:22:04Z" finished-at="2014-06-19T13:22:04Z">
          <reporter-output>
          </reporter-output>
        </test-method> <!-- beforeTest -->
        <test-method status="PASS" signature="afterTest()[pri:0, instance:tutorial2.annotations.DBConfig@77158a]" name="afterTest" is-config="true" duration-ms="0" started-at="2014-06-19T13:22:04Z" finished-at="2014-06-19T13:22:04Z">
          <reporter-output>
          </reporter-output>
        </test-method> <!-- afterTest -->
        <test-method status="PASS" signature="afterSuite()[pri:0, instance:tutorial2.annotations.DBConfig@77158a]" name="afterSuite" is-config="true" duration-ms="0" started-at="2014-06-19T13:22:04Z" finished-at="2014-06-19T13:22:04Z">
          <reporter-output>
          </reporter-output>
        </test-method> <!-- afterSuite -->
      </class> <!-- tutorial2.annotations.DBConfig -->
      <class name="tutorial2.annotations.TestDBConnection">
        <test-method status="PASS" signature="runOtherTest1()[pri:0, instance:tutorial2.annotations.TestDBConnection@27391d]" name="runOtherTest1" duration-ms="1" started-at="2014-06-19T13:22:04Z" finished-at="2014-06-19T13:22:04Z">
          <reporter-output>
          </reporter-output>
        </test-method> <!-- runOtherTest1 -->
        <test-method status="PASS" signature="runOtherTest2()[pri:0, instance:tutorial2.annotations.TestDBConnection@27391d]" name="runOtherTest2" duration-ms="1" started-at="2014-06-19T13:22:04Z" finished-at="2014-06-19T13:22:04Z">
          <reporter-output>
          </reporter-output>
        </test-method> <!-- runOtherTest2 -->
      </class> <!-- tutorial2.annotations.TestDBConnection -->
    </test> <!-- case2 -->
  </suite> <!-- TestAll -->
</testng-results>
